<?xml version="1.0" encoding="UTF-8"?>
<!-- Generated by org.testng.reporters.JUnitReportReporter -->
<testsuite hostname="DESKTOP-JCMJ3M2" failures="0" tests="3" name="testNgmethods.P2" time="12.072" errors="0" timestamp="2022-11-08T10:44:33 IST" skipped="0">
  <testcase classname="testNgmethods.P2" name="get_title" time="3.638"/>
  <system-out/>
  <testcase classname="testNgmethods.P2" name="get_current_url" time="4.416"/>
  <system-out/>
  <testcase classname="testNgmethods.P2" name="screenshot" time="4.018"/>
  <system-out/>
</testsuite> <!-- testNgmethods.P2 -->
