<?xml version="1.0" encoding="UTF-8"?>
<!-- Generated by org.testng.reporters.JUnitReportReporter -->
<testsuite hostname="DESKTOP-JCMJ3M2" failures="0" tests="4" name="amazonpage.Operations" time="1.277" errors="0" timestamp="2022-11-08T11:44:25 IST" skipped="0">
  <testcase classname="amazonpage.Operations" name="title" time="0.082"/>
  <system-out/>
  <testcase classname="amazonpage.Operations" name="getUrl" time="0.017"/>
  <system-out/>
  <testcase classname="amazonpage.Operations" name="dropdown" time="0.769"/>
  <system-out/>
  <testcase classname="amazonpage.Operations" name="screenshot" time="0.409"/>
  <system-out/>
</testsuite> <!-- amazonpage.Operations -->
