<?xml version="1.0" encoding="UTF-8"?>
<!-- Generated by org.testng.reporters.JUnitReportReporter -->
<testsuite hostname="DESKTOP-JCMJ3M2" failures="0" tests="3" name="testNgmethods.P3" time="0.577" errors="0" timestamp="2022-11-08T10:54:24 IST" skipped="0">
  <testcase classname="testNgmethods.P3" name="get_title" time="0.093"/>
  <system-out/>
  <testcase classname="testNgmethods.P3" name="get_current_url" time="0.010"/>
  <system-out/>
  <testcase classname="testNgmethods.P3" name="screenshot" time="0.474"/>
  <system-out/>
</testsuite> <!-- testNgmethods.P3 -->
