<?xml version="1.0" encoding="UTF-8"?>
<!-- Generated by org.testng.reporters.JUnitReportReporter -->
<testsuite hostname="DESKTOP-JCMJ3M2" failures="0" tests="1" name="testNgmethods.P4" time="0.015" errors="0" timestamp="2022-11-08T10:58:07 IST" skipped="0">
  <testcase classname="testNgmethods.P4" name="operation" time="0.015"/>
  <system-out/>
</testsuite> <!-- testNgmethods.P4 -->
