<?xml version="1.0" encoding="UTF-8"?>
<!-- Generated by org.testng.reporters.JUnitReportReporter -->
<testsuite hostname="DESKTOP-JCMJ3M2" failures="0" tests="5" name="testNgmethods.P1" time="6.809" errors="0" timestamp="2022-11-08T10:11:34 IST" skipped="0">
  <testcase classname="testNgmethods.P1" name="opening_browser" time="5.496"/>
  <system-out/>
  <testcase classname="testNgmethods.P1" name="get_title" time="0.247"/>
  <system-out/>
  <testcase classname="testNgmethods.P1" name="get_current_url" time="0.040"/>
  <system-out/>
  <testcase classname="testNgmethods.P1" name="screenshot" time="0.721"/>
  <system-out/>
  <testcase classname="testNgmethods.P1" name="close" time="0.305"/>
  <system-out/>
</testsuite> <!-- testNgmethods.P1 -->
