<?xml version="1.0" encoding="UTF-8"?>
<!-- Generated by org.testng.reporters.JUnitReportReporter -->
<testsuite hostname="DESKTOP-JCMJ3M2" failures="0" tests="4" name="amazonpage.Close" time="1.463" errors="0" timestamp="2022-11-08T12:09:59 IST" skipped="0">
  <testcase classname="amazonpage.Close" name="title" time="0.097"/>
  <system-out/>
  <testcase classname="amazonpage.Close" name="getUrl" time="0.027"/>
  <system-out/>
  <testcase classname="amazonpage.Close" name="dropdown" time="0.926"/>
  <system-out/>
  <testcase classname="amazonpage.Close" name="screenshot" time="0.413"/>
  <system-out/>
</testsuite> <!-- amazonpage.Close -->
