<?xml version="1.0" encoding="UTF-8"?>
<!-- Generated by org.testng.reporters.JUnitReportReporter -->
<testsuite hostname="DESKTOP-JCMJ3M2" failures="0" tests="8" name="testNgmethods.NewTest" time="0.049" errors="0" timestamp="2022-11-08T09:43:59 IST" skipped="1">
  <testcase classname="testNgmethods.NewTest" name="login_browser" time="0.028"/>
  <system-out/>
  <testcase classname="testNgmethods.NewTest" name="customer_details" time="0.006"/>
  <system-out/>
  <testcase classname="testNgmethods.NewTest" name="payment_details" time="0.003"/>
  <system-out/>
  <testcase classname="testNgmethods.NewTest" name="product_details" time="0.003"/>
  <system-out/>
  <testcase classname="testNgmethods.NewTest" name="deleivery" time="0.003"/>
  <system-out/>
  <testcase classname="testNgmethods.NewTest" name="feedback" time="0.003"/>
  <system-out/>
  <testcase classname="testNgmethods.NewTest" name="logoff" time="0.003"/>
  <system-out/>
  <testcase classname="testNgmethods.NewTest" name="dummy">
    <skipped/>
  </testcase> <!-- dummy -->
  <system-out/>
</testsuite> <!-- testNgmethods.NewTest -->
